<?xml version="1.0" encoding="UTF-8"?>
<testng-results ignored="0" total="1" passed="1" failed="0" skipped="0">
  <reporter-output>
  </reporter-output>
  <suite started-at="2024-08-02T17:32:03 IST" name="Surefire suite" finished-at="2024-08-02T17:32:06 IST" duration-ms="2579">
    <groups>
    </groups>
    <test started-at="2024-08-02T17:32:03 IST" name="Surefire test" finished-at="2024-08-02T17:32:06 IST" duration-ms="2579">
      <class name="Day3.TestLogs">
        <test-method signature="testLogs()[pri:0, instance:Day3.TestLogs@45018215]" started-at="2024-08-02T17:32:03 IST" name="testLogs" finished-at="2024-08-02T17:32:06 IST" duration-ms="2543" status="PASS">
          <reporter-output>
          </reporter-output>
        </test-method> <!-- testLogs -->
      </class> <!-- Day3.TestLogs -->
    </test> <!-- Surefire test -->
  </suite> <!-- Surefire suite -->
</testng-results>
