<?xml version="1.0" encoding="UTF-8"?>
<testsuite xmlns:xsi="http://www.w3.org/2001/XMLSchema-instance" xsi:noNamespaceSchemaLocation="https://maven.apache.org/surefire/maven-surefire-plugin/xsd/surefire-test-report.xsd" version="3.0.2" name="Day3.TestLogs" time="3.057" tests="1" errors="0" skipped="0" failures="0">
  <properties>
[...]
</properties>
  <testcase name="testLogs" classname="Day3.TestLogs" time="2.543">
    <system-out><![CDATA[AEC=AVYB7crqfNipgnTCBpqJaheWUWrybiGMH5rQkkQuvjAfYtVXL3Uabcd4PQ;Path=/;Domain=.google.com;Secure;HttpOnly;Expires=1/29/25, 12:02 PM;SameSite=lax
NID=516=R-MZE33ttwzb-mcgiQi2-cLegoeJdA5CvwAtt9jjBAqwSdv4T7j399LXIjTL0D8WV9hegNqZ9TIdOUSMisb4_9l0WHsiyKzRANrHYr8UAVCSggNqYRGjVWj6pl42y4qlKXbptCtp93Id7ecbrJW56jjiYDBTxzFYZp7fW0UmEs9MDrkIzQ1GeeNT;Path=/;Domain=.google.com;HttpOnly;Expires=2/1/25, 12:02 PM
]]></system-out>
    <system-err><![CDATA[SLF4J: Failed to load class "org.slf4j.impl.StaticLoggerBinder".
SLF4J: Defaulting to no-operation (NOP) logger implementation
SLF4J: See http://www.slf4j.org/codes.html#StaticLoggerBinder for further details.
]]></system-err>
  </testcase>
</testsuite>