<?xml version="1.0" encoding="UTF-8"?>
<testng-results ignored="0" total="1" passed="1" failed="0" skipped="0">
  <reporter-output>
  </reporter-output>
  <suite started-at="2024-08-02T16:27:22 IST" name="Default suite" finished-at="2024-08-02T16:27:25 IST" duration-ms="2186">
    <groups>
    </groups>
    <test started-at="2024-08-02T16:27:22 IST" name="Default test" finished-at="2024-08-02T16:27:25 IST" duration-ms="2186">
      <class name="Day3.TestLogs">
        <test-method signature="testLogs()[pri:0, instance:Day3.TestLogs@49e53c76]" started-at="2024-08-02T16:27:22 IST" name="testLogs" finished-at="2024-08-02T16:27:25 IST" duration-ms="2155" status="PASS">
          <reporter-output>
          </reporter-output>
        </test-method> <!-- testLogs -->
      </class> <!-- Day3.TestLogs -->
    </test> <!-- Default test -->
  </suite> <!-- Default suite -->
</testng-results>
